Build started 15-05-2017 12:06:27.
Project "C:\Development\Private\PrintIssueCards\Source\PrintIssueCards.sln" on node 1 (default targets).
ValidateSolutionConfiguration:
  Building solution configuration "Debug|Any CPU".
ValidateProjects:
  The project "PrintIssueCards.Setup" is not selected for building in solution configuration "Debug|Any CPU".
  The project "PrintIssueCards.BootStrapper" is not selected for building in solution configuration "Debug|Any CPU".
Project "C:\Development\Private\PrintIssueCards\Source\PrintIssueCards.sln" (1) is building "C:\Development\Private\PrintIssueCards\Source\PrintIssueCards\PrintIssueCards.csproj" (2) on node 1 (default targets).
MainResourcesGeneration:
Skipping target "MainResourcesGeneration" because all output files are up-to-date with respect to the input files.
GenerateTargetFrameworkMonikerAttribute:
Skipping target "GenerateTargetFrameworkMonikerAttribute" because all output files are up-to-date with respect to the input files.
CoreCompile:
Skipping target "CoreCompile" because all output files are up-to-date with respect to the input files.
_CopyOutOfDateSourceItemsToOutputDirectoryAlways:
  Copying file from "C:\Development\Private\PrintIssueCards\Source\PrintIssueCards\Reports\NewIssueCards.rdlc" to "bin\Debug\Reports\NewIssueCards.rdlc".
  Copying file from "C:\Development\Private\PrintIssueCards\Source\PrintIssueCards\Reports\IssueCards.rdlc" to "bin\Debug\Reports\IssueCards.rdlc".
  Copying file from "C:\Development\Private\PrintIssueCards\Source\PrintIssueCards\Reports\SimpleIssueCardsTemplate.rdlc" to "bin\Debug\Reports\SimpleIssueCardsTemplate.rdlc".
_CopyAppConfigFile:
Skipping target "_CopyAppConfigFile" because all output files are up-to-date with respect to the input files.
CopyFilesToOutputDirectory:
  PrintIssueCards -> C:\Development\Private\PrintIssueCards\Source\PrintIssueCards\bin\Debug\PrintIssueCards.exe
Done Building Project "C:\Development\Private\PrintIssueCards\Source\PrintIssueCards\PrintIssueCards.csproj" (default targets).

Project "C:\Development\Private\PrintIssueCards\Source\PrintIssueCards.sln" (1) is building "C:\Development\Private\PrintIssueCards\Source\PrintIssueCards.Tests\PrintIssueCards.Tests.csproj" (3) on node 1 (default targets).
GenerateTargetFrameworkMonikerAttribute:
Skipping target "GenerateTargetFrameworkMonikerAttribute" because all output files are up-to-date with respect to the input files.
CoreCompile:
Skipping target "CoreCompile" because all output files are up-to-date with respect to the input files.
_CopyOutOfDateSourceItemsToOutputDirectoryAlways:
  Copying file from "C:\Development\Private\PrintIssueCards\Source\PrintIssueCards\Reports\NewIssueCards.rdlc" to "bin\Debug\Reports\NewIssueCards.rdlc".
  Copying file from "C:\Development\Private\PrintIssueCards\Source\PrintIssueCards\Reports\IssueCards.rdlc" to "bin\Debug\Reports\IssueCards.rdlc".
  Copying file from "C:\Development\Private\PrintIssueCards\Source\PrintIssueCards\Reports\SimpleIssueCardsTemplate.rdlc" to "bin\Debug\Reports\SimpleIssueCardsTemplate.rdlc".
CopyFilesToOutputDirectory:
  PrintIssueCards.Tests -> C:\Development\Private\PrintIssueCards\Source\PrintIssueCards.Tests\bin\Debug\PrintIssueCards.Tests.dll
Done Building Project "C:\Development\Private\PrintIssueCards\Source\PrintIssueCards.Tests\PrintIssueCards.Tests.csproj" (default targets).

Done Building Project "C:\Development\Private\PrintIssueCards\Source\PrintIssueCards.sln" (default targets).


Build succeeded.
    0 Warning(s)
    0 Error(s)

Time Elapsed 00:00:00.76
